2021-06-02 20:31:34.535 [restartedMain] INFO  com.java.blog.BlogserverApplication - Starting BlogserverApplication using Java 1.8.0_152 on DESKTOP-DHVP8FV with PID 5388 (D:\WORKSPACE\code\vue.js\mulitpage-blog\blog-mulitpage-server\target\classes started by 万直鹏 in D:\WORKSPACE\code\vue.js\mulitpage-blog\blog-mulitpage-server) 
2021-06-02 20:31:34.543 [restartedMain] INFO  com.java.blog.BlogserverApplication - The following profiles are active: dev 
2021-06-02 20:31:34.641 [restartedMain] INFO  o.s.b.d.env.DevToolsPropertyDefaultsPostProcessor - Devtools property defaults active! Set 'spring.devtools.add-properties' to 'false' to disable 
2021-06-02 20:31:34.642 [restartedMain] INFO  o.s.b.d.env.DevToolsPropertyDefaultsPostProcessor - For additional web related logging consider setting the 'logging.level.web' property to 'DEBUG' 
2021-06-02 20:31:36.467 [restartedMain] INFO  o.s.boot.web.embedded.tomcat.TomcatWebServer - Tomcat initialized with port(s): 9999 (http) 
2021-06-02 20:31:36.478 [restartedMain] INFO  org.apache.coyote.http11.Http11NioProtocol - Initializing ProtocolHandler ["http-nio-9999"] 
2021-06-02 20:31:36.478 [restartedMain] INFO  org.apache.catalina.core.StandardService - Starting service [Tomcat] 
2021-06-02 20:31:36.479 [restartedMain] INFO  org.apache.catalina.core.StandardEngine - Starting Servlet engine: [Apache Tomcat/9.0.45] 
2021-06-02 20:31:36.573 [restartedMain] INFO  o.a.c.core.ContainerBase.[Tomcat].[localhost].[/] - Initializing Spring embedded WebApplicationContext 
2021-06-02 20:31:36.574 [restartedMain] INFO  o.s.b.w.s.c.ServletWebServerApplicationContext - Root WebApplicationContext: initialization completed in 1917 ms 
2021-06-02 20:31:37.679 [restartedMain] INFO  o.s.b.d.autoconfigure.OptionalLiveReloadServer - LiveReload server is running on port 35729 
2021-06-02 20:31:37.703 [restartedMain] INFO  org.apache.coyote.http11.Http11NioProtocol - Starting ProtocolHandler ["http-nio-9999"] 
2021-06-02 20:31:37.729 [restartedMain] INFO  o.s.boot.web.embedded.tomcat.TomcatWebServer - Tomcat started on port(s): 9999 (http) with context path '' 
2021-06-02 20:31:37.743 [restartedMain] INFO  com.java.blog.BlogserverApplication - Started BlogserverApplication in 5.347 seconds (JVM running for 14.377) 
2021-06-02 20:37:03.151 [http-nio-9999-exec-1] INFO  o.a.c.core.ContainerBase.[Tomcat].[localhost].[/] - Initializing Spring DispatcherServlet 'dispatcherServlet' 
2021-06-02 20:37:03.152 [http-nio-9999-exec-1] INFO  org.springframework.web.servlet.DispatcherServlet - Initializing Servlet 'dispatcherServlet' 
2021-06-02 20:37:03.153 [http-nio-9999-exec-1] INFO  org.springframework.web.servlet.DispatcherServlet - Completed initialization in 1 ms 
2021-06-02 20:37:03.238 [http-nio-9999-exec-1] INFO  com.java.blog.service.DictionaryService - 新增字典0-1111-1212-null-null 
2021-06-02 20:37:03.374 [http-nio-9999-exec-1] INFO  com.alibaba.druid.pool.DruidDataSource - {dataSource-1} inited 
2021-06-02 21:12:31.101 [restartedMain] INFO  com.java.blog.BlogserverApplication - Starting BlogserverApplication using Java 1.8.0_152 on DESKTOP-DHVP8FV with PID 11024 (D:\WORKSPACE\code\vue.js\mulitpage-blog\blog-mulitpage-server\target\classes started by 万直鹏 in D:\WORKSPACE\code\vue.js\mulitpage-blog\blog-mulitpage-server) 
2021-06-02 21:12:31.106 [restartedMain] INFO  com.java.blog.BlogserverApplication - The following profiles are active: dev 
2021-06-02 21:12:31.188 [restartedMain] INFO  o.s.b.d.env.DevToolsPropertyDefaultsPostProcessor - Devtools property defaults active! Set 'spring.devtools.add-properties' to 'false' to disable 
2021-06-02 21:12:31.188 [restartedMain] INFO  o.s.b.d.env.DevToolsPropertyDefaultsPostProcessor - For additional web related logging consider setting the 'logging.level.web' property to 'DEBUG' 
2021-06-02 21:12:32.680 [restartedMain] INFO  o.s.boot.web.embedded.tomcat.TomcatWebServer - Tomcat initialized with port(s): 9999 (http) 
2021-06-02 21:12:32.692 [restartedMain] INFO  org.apache.coyote.http11.Http11NioProtocol - Initializing ProtocolHandler ["http-nio-9999"] 
2021-06-02 21:12:32.693 [restartedMain] INFO  org.apache.catalina.core.StandardService - Starting service [Tomcat] 
2021-06-02 21:12:32.694 [restartedMain] INFO  org.apache.catalina.core.StandardEngine - Starting Servlet engine: [Apache Tomcat/9.0.45] 
2021-06-02 21:12:32.808 [restartedMain] INFO  o.a.c.core.ContainerBase.[Tomcat].[localhost].[/] - Initializing Spring embedded WebApplicationContext 
2021-06-02 21:12:32.809 [restartedMain] INFO  o.s.b.w.s.c.ServletWebServerApplicationContext - Root WebApplicationContext: initialization completed in 1619 ms 
2021-06-02 21:12:33.480 [restartedMain] INFO  o.s.b.d.autoconfigure.OptionalLiveReloadServer - LiveReload server is running on port 35729 
2021-06-02 21:12:33.508 [restartedMain] INFO  org.apache.coyote.http11.Http11NioProtocol - Starting ProtocolHandler ["http-nio-9999"] 
2021-06-02 21:12:33.542 [restartedMain] INFO  o.s.boot.web.embedded.tomcat.TomcatWebServer - Tomcat started on port(s): 9999 (http) with context path '' 
2021-06-02 21:12:33.558 [restartedMain] INFO  com.java.blog.BlogserverApplication - Started BlogserverApplication in 3.648 seconds (JVM running for 5.319) 
2021-06-02 21:14:04.124 [restartedMain] INFO  com.java.blog.BlogserverApplication - Starting BlogserverApplication using Java 1.8.0_152 on DESKTOP-DHVP8FV with PID 2352 (D:\WORKSPACE\code\vue.js\mulitpage-blog\blog-mulitpage-server\target\classes started by 万直鹏 in D:\WORKSPACE\code\vue.js\mulitpage-blog\blog-mulitpage-server) 
2021-06-02 21:14:04.127 [restartedMain] INFO  com.java.blog.BlogserverApplication - The following profiles are active: dev 
2021-06-02 21:14:04.276 [restartedMain] INFO  o.s.b.d.env.DevToolsPropertyDefaultsPostProcessor - Devtools property defaults active! Set 'spring.devtools.add-properties' to 'false' to disable 
2021-06-02 21:14:04.277 [restartedMain] INFO  o.s.b.d.env.DevToolsPropertyDefaultsPostProcessor - For additional web related logging consider setting the 'logging.level.web' property to 'DEBUG' 
2021-06-02 21:14:05.695 [restartedMain] INFO  o.s.boot.web.embedded.tomcat.TomcatWebServer - Tomcat initialized with port(s): 9999 (http) 
2021-06-02 21:14:05.703 [restartedMain] INFO  org.apache.coyote.http11.Http11NioProtocol - Initializing ProtocolHandler ["http-nio-9999"] 
2021-06-02 21:14:05.704 [restartedMain] INFO  org.apache.catalina.core.StandardService - Starting service [Tomcat] 
2021-06-02 21:14:05.704 [restartedMain] INFO  org.apache.catalina.core.StandardEngine - Starting Servlet engine: [Apache Tomcat/9.0.45] 
2021-06-02 21:14:05.790 [restartedMain] INFO  o.a.c.core.ContainerBase.[Tomcat].[localhost].[/] - Initializing Spring embedded WebApplicationContext 
2021-06-02 21:14:05.790 [restartedMain] INFO  o.s.b.w.s.c.ServletWebServerApplicationContext - Root WebApplicationContext: initialization completed in 1512 ms 
2021-06-02 21:14:06.427 [restartedMain] INFO  o.s.b.d.autoconfigure.OptionalLiveReloadServer - LiveReload server is running on port 35729 
2021-06-02 21:14:06.447 [restartedMain] INFO  org.apache.coyote.http11.Http11NioProtocol - Starting ProtocolHandler ["http-nio-9999"] 
2021-06-02 21:14:06.472 [restartedMain] INFO  o.s.boot.web.embedded.tomcat.TomcatWebServer - Tomcat started on port(s): 9999 (http) with context path '' 
2021-06-02 21:14:06.485 [restartedMain] INFO  com.java.blog.BlogserverApplication - Started BlogserverApplication in 3.428 seconds (JVM running for 4.793) 
2021-06-02 21:23:19.643 [restartedMain] INFO  com.java.blog.BlogserverApplication - Starting BlogserverApplication using Java 1.8.0_152 on DESKTOP-DHVP8FV with PID 8820 (D:\WORKSPACE\code\vue.js\mulitpage-blog\blog-mulitpage-server\target\classes started by 万直鹏 in D:\WORKSPACE\code\vue.js\mulitpage-blog\blog-mulitpage-server) 
2021-06-02 21:23:19.685 [restartedMain] INFO  com.java.blog.BlogserverApplication - The following profiles are active: dev 
2021-06-02 21:23:19.842 [restartedMain] INFO  o.s.b.d.env.DevToolsPropertyDefaultsPostProcessor - Devtools property defaults active! Set 'spring.devtools.add-properties' to 'false' to disable 
2021-06-02 21:23:19.843 [restartedMain] INFO  o.s.b.d.env.DevToolsPropertyDefaultsPostProcessor - For additional web related logging consider setting the 'logging.level.web' property to 'DEBUG' 
2021-06-02 21:23:27.590 [restartedMain] INFO  o.s.boot.web.embedded.tomcat.TomcatWebServer - Tomcat initialized with port(s): 9999 (http) 
2021-06-02 21:23:27.609 [restartedMain] INFO  org.apache.coyote.http11.Http11NioProtocol - Initializing ProtocolHandler ["http-nio-9999"] 
2021-06-02 21:23:27.611 [restartedMain] INFO  org.apache.catalina.core.StandardService - Starting service [Tomcat] 
2021-06-02 21:23:27.613 [restartedMain] INFO  org.apache.catalina.core.StandardEngine - Starting Servlet engine: [Apache Tomcat/9.0.45] 
2021-06-02 21:23:27.843 [restartedMain] INFO  o.a.c.core.ContainerBase.[Tomcat].[localhost].[/] - Initializing Spring embedded WebApplicationContext 
2021-06-02 21:23:27.843 [restartedMain] INFO  o.s.b.w.s.c.ServletWebServerApplicationContext - Root WebApplicationContext: initialization completed in 7996 ms 
2021-06-02 21:23:30.104 [restartedMain] INFO  o.s.b.d.autoconfigure.OptionalLiveReloadServer - LiveReload server is running on port 35729 
2021-06-02 21:23:30.128 [restartedMain] INFO  org.apache.coyote.http11.Http11NioProtocol - Starting ProtocolHandler ["http-nio-9999"] 
2021-06-02 21:23:30.163 [restartedMain] INFO  o.s.boot.web.embedded.tomcat.TomcatWebServer - Tomcat started on port(s): 9999 (http) with context path '' 
2021-06-02 21:23:30.183 [restartedMain] INFO  com.java.blog.BlogserverApplication - Started BlogserverApplication in 12.013 seconds (JVM running for 16.92) 
2021-06-02 21:26:20.576 [http-nio-9999-exec-1] INFO  o.a.c.core.ContainerBase.[Tomcat].[localhost].[/] - Initializing Spring DispatcherServlet 'dispatcherServlet' 
2021-06-02 21:26:20.577 [http-nio-9999-exec-1] INFO  org.springframework.web.servlet.DispatcherServlet - Initializing Servlet 'dispatcherServlet' 
2021-06-02 21:26:20.579 [http-nio-9999-exec-1] INFO  org.springframework.web.servlet.DispatcherServlet - Completed initialization in 2 ms 
2021-06-02 21:26:20.666 [http-nio-9999-exec-1] INFO  com.java.blog.service.DictionaryService - 新增字典0-1111-1212-null-null 
2021-06-02 21:26:20.968 [http-nio-9999-exec-1] INFO  com.alibaba.druid.pool.DruidDataSource - {dataSource-1} inited 
2021-06-02 21:27:09.293 [restartedMain] INFO  com.java.blog.BlogserverApplication - Starting BlogserverApplication using Java 1.8.0_152 on DESKTOP-DHVP8FV with PID 9260 (D:\WORKSPACE\code\vue.js\mulitpage-blog\blog-mulitpage-server\target\classes started by 万直鹏 in D:\WORKSPACE\code\vue.js\mulitpage-blog\blog-mulitpage-server) 
2021-06-02 21:27:09.299 [restartedMain] INFO  com.java.blog.BlogserverApplication - The following profiles are active: dev 
2021-06-02 21:27:09.502 [restartedMain] INFO  o.s.b.d.env.DevToolsPropertyDefaultsPostProcessor - Devtools property defaults active! Set 'spring.devtools.add-properties' to 'false' to disable 
2021-06-02 21:27:09.503 [restartedMain] INFO  o.s.b.d.env.DevToolsPropertyDefaultsPostProcessor - For additional web related logging consider setting the 'logging.level.web' property to 'DEBUG' 
2021-06-02 21:27:11.324 [restartedMain] INFO  o.s.boot.web.embedded.tomcat.TomcatWebServer - Tomcat initialized with port(s): 9999 (http) 
2021-06-02 21:27:11.337 [restartedMain] INFO  org.apache.coyote.http11.Http11NioProtocol - Initializing ProtocolHandler ["http-nio-9999"] 
2021-06-02 21:27:11.337 [restartedMain] INFO  org.apache.catalina.core.StandardService - Starting service [Tomcat] 
2021-06-02 21:27:11.338 [restartedMain] INFO  org.apache.catalina.core.StandardEngine - Starting Servlet engine: [Apache Tomcat/9.0.45] 
2021-06-02 21:27:11.469 [restartedMain] INFO  o.a.c.core.ContainerBase.[Tomcat].[localhost].[/] - Initializing Spring embedded WebApplicationContext 
2021-06-02 21:27:11.469 [restartedMain] INFO  o.s.b.w.s.c.ServletWebServerApplicationContext - Root WebApplicationContext: initialization completed in 1965 ms 
2021-06-02 21:27:12.506 [restartedMain] INFO  o.s.b.d.autoconfigure.OptionalLiveReloadServer - LiveReload server is running on port 35729 
2021-06-02 21:27:12.531 [restartedMain] INFO  org.apache.coyote.http11.Http11NioProtocol - Starting ProtocolHandler ["http-nio-9999"] 
2021-06-02 21:27:12.575 [restartedMain] INFO  o.s.boot.web.embedded.tomcat.TomcatWebServer - Tomcat started on port(s): 9999 (http) with context path '' 
2021-06-02 21:27:12.594 [restartedMain] INFO  com.java.blog.BlogserverApplication - Started BlogserverApplication in 5.328 seconds (JVM running for 8.396) 
2021-06-02 21:28:19.824 [restartedMain] INFO  com.java.blog.BlogserverApplication - Starting BlogserverApplication using Java 1.8.0_152 on DESKTOP-DHVP8FV with PID 9384 (D:\WORKSPACE\code\vue.js\mulitpage-blog\blog-mulitpage-server\target\classes started by 万直鹏 in D:\WORKSPACE\code\vue.js\mulitpage-blog\blog-mulitpage-server) 
2021-06-02 21:28:19.835 [restartedMain] INFO  com.java.blog.BlogserverApplication - The following profiles are active: dev 
2021-06-02 21:28:19.940 [restartedMain] INFO  o.s.b.d.env.DevToolsPropertyDefaultsPostProcessor - Devtools property defaults active! Set 'spring.devtools.add-properties' to 'false' to disable 
2021-06-02 21:28:19.941 [restartedMain] INFO  o.s.b.d.env.DevToolsPropertyDefaultsPostProcessor - For additional web related logging consider setting the 'logging.level.web' property to 'DEBUG' 
2021-06-02 21:28:21.723 [restartedMain] INFO  o.s.boot.web.embedded.tomcat.TomcatWebServer - Tomcat initialized with port(s): 9999 (http) 
2021-06-02 21:28:21.740 [restartedMain] INFO  org.apache.coyote.http11.Http11NioProtocol - Initializing ProtocolHandler ["http-nio-9999"] 
2021-06-02 21:28:21.741 [restartedMain] INFO  org.apache.catalina.core.StandardService - Starting service [Tomcat] 
2021-06-02 21:28:21.742 [restartedMain] INFO  org.apache.catalina.core.StandardEngine - Starting Servlet engine: [Apache Tomcat/9.0.45] 
2021-06-02 21:28:21.906 [restartedMain] INFO  o.a.c.core.ContainerBase.[Tomcat].[localhost].[/] - Initializing Spring embedded WebApplicationContext 
2021-06-02 21:28:21.907 [restartedMain] INFO  o.s.b.w.s.c.ServletWebServerApplicationContext - Root WebApplicationContext: initialization completed in 1965 ms 
2021-06-02 21:28:22.871 [restartedMain] INFO  o.s.b.d.autoconfigure.OptionalLiveReloadServer - LiveReload server is running on port 35729 
2021-06-02 21:28:22.894 [restartedMain] INFO  org.apache.coyote.http11.Http11NioProtocol - Starting ProtocolHandler ["http-nio-9999"] 
2021-06-02 21:28:22.924 [restartedMain] INFO  o.s.boot.web.embedded.tomcat.TomcatWebServer - Tomcat started on port(s): 9999 (http) with context path '' 
2021-06-02 21:28:22.940 [restartedMain] INFO  com.java.blog.BlogserverApplication - Started BlogserverApplication in 4.71 seconds (JVM running for 6.758) 
2021-06-02 21:28:36.792 [http-nio-9999-exec-1] INFO  o.a.c.core.ContainerBase.[Tomcat].[localhost].[/] - Initializing Spring DispatcherServlet 'dispatcherServlet' 
2021-06-02 21:28:36.792 [http-nio-9999-exec-1] INFO  org.springframework.web.servlet.DispatcherServlet - Initializing Servlet 'dispatcherServlet' 
2021-06-02 21:28:36.796 [http-nio-9999-exec-1] INFO  org.springframework.web.servlet.DispatcherServlet - Completed initialization in 4 ms 
2021-06-02 21:28:36.916 [http-nio-9999-exec-1] INFO  com.java.blog.service.DictionaryService - 新增字典0-1111-1212-null-null 
2021-06-02 21:28:37.004 [http-nio-9999-exec-1] INFO  com.alibaba.druid.pool.DruidDataSource - {dataSource-1} inited 
2021-06-02 21:29:46.432 [restartedMain] INFO  com.java.blog.BlogserverApplication - Starting BlogserverApplication using Java 1.8.0_152 on DESKTOP-DHVP8FV with PID 1948 (D:\WORKSPACE\code\vue.js\mulitpage-blog\blog-mulitpage-server\target\classes started by 万直鹏 in D:\WORKSPACE\code\vue.js\mulitpage-blog\blog-mulitpage-server) 
2021-06-02 21:29:46.442 [restartedMain] INFO  com.java.blog.BlogserverApplication - The following profiles are active: dev 
2021-06-02 21:29:46.595 [restartedMain] INFO  o.s.b.d.env.DevToolsPropertyDefaultsPostProcessor - Devtools property defaults active! Set 'spring.devtools.add-properties' to 'false' to disable 
2021-06-02 21:29:46.596 [restartedMain] INFO  o.s.b.d.env.DevToolsPropertyDefaultsPostProcessor - For additional web related logging consider setting the 'logging.level.web' property to 'DEBUG' 
2021-06-02 21:29:48.738 [restartedMain] INFO  o.s.boot.web.embedded.tomcat.TomcatWebServer - Tomcat initialized with port(s): 9999 (http) 
2021-06-02 21:29:48.751 [restartedMain] INFO  org.apache.coyote.http11.Http11NioProtocol - Initializing ProtocolHandler ["http-nio-9999"] 
2021-06-02 21:29:48.752 [restartedMain] INFO  org.apache.catalina.core.StandardService - Starting service [Tomcat] 
2021-06-02 21:29:48.752 [restartedMain] INFO  org.apache.catalina.core.StandardEngine - Starting Servlet engine: [Apache Tomcat/9.0.45] 
2021-06-02 21:29:48.866 [restartedMain] INFO  o.a.c.core.ContainerBase.[Tomcat].[localhost].[/] - Initializing Spring embedded WebApplicationContext 
2021-06-02 21:29:48.867 [restartedMain] INFO  o.s.b.w.s.c.ServletWebServerApplicationContext - Root WebApplicationContext: initialization completed in 2268 ms 
2021-06-02 21:29:49.928 [restartedMain] INFO  o.s.b.d.autoconfigure.OptionalLiveReloadServer - LiveReload server is running on port 35729 
2021-06-02 21:29:49.959 [restartedMain] INFO  org.apache.coyote.http11.Http11NioProtocol - Starting ProtocolHandler ["http-nio-9999"] 
2021-06-02 21:29:50.089 [restartedMain] INFO  o.s.boot.web.embedded.tomcat.TomcatWebServer - Tomcat started on port(s): 9999 (http) with context path '' 
2021-06-02 21:29:50.124 [restartedMain] INFO  com.java.blog.BlogserverApplication - Started BlogserverApplication in 5.313 seconds (JVM running for 7.629) 
2021-06-02 21:30:14.418 [http-nio-9999-exec-2] INFO  o.a.c.core.ContainerBase.[Tomcat].[localhost].[/] - Initializing Spring DispatcherServlet 'dispatcherServlet' 
2021-06-02 21:30:14.418 [http-nio-9999-exec-2] INFO  org.springframework.web.servlet.DispatcherServlet - Initializing Servlet 'dispatcherServlet' 
2021-06-02 21:30:14.420 [http-nio-9999-exec-2] INFO  org.springframework.web.servlet.DispatcherServlet - Completed initialization in 2 ms 
2021-06-02 21:30:14.505 [http-nio-9999-exec-2] INFO  com.java.blog.service.DictionaryService - 新增字典0-1111-1212-null-null 
2021-06-02 21:30:14.630 [http-nio-9999-exec-2] INFO  com.alibaba.druid.pool.DruidDataSource - {dataSource-1} inited 
2021-06-02 21:31:43.177 [restartedMain] INFO  com.java.blog.BlogserverApplication - Starting BlogserverApplication using Java 1.8.0_152 on DESKTOP-DHVP8FV with PID 8960 (D:\WORKSPACE\code\vue.js\mulitpage-blog\blog-mulitpage-server\target\classes started by 万直鹏 in D:\WORKSPACE\code\vue.js\mulitpage-blog\blog-mulitpage-server) 
2021-06-02 21:31:43.181 [restartedMain] INFO  com.java.blog.BlogserverApplication - The following profiles are active: dev 
2021-06-02 21:31:43.465 [restartedMain] INFO  o.s.b.d.env.DevToolsPropertyDefaultsPostProcessor - Devtools property defaults active! Set 'spring.devtools.add-properties' to 'false' to disable 
2021-06-02 21:31:43.465 [restartedMain] INFO  o.s.b.d.env.DevToolsPropertyDefaultsPostProcessor - For additional web related logging consider setting the 'logging.level.web' property to 'DEBUG' 
2021-06-02 21:31:45.191 [restartedMain] INFO  o.s.boot.web.embedded.tomcat.TomcatWebServer - Tomcat initialized with port(s): 9999 (http) 
2021-06-02 21:31:45.203 [restartedMain] INFO  org.apache.coyote.http11.Http11NioProtocol - Initializing ProtocolHandler ["http-nio-9999"] 
2021-06-02 21:31:45.204 [restartedMain] INFO  org.apache.catalina.core.StandardService - Starting service [Tomcat] 
2021-06-02 21:31:45.205 [restartedMain] INFO  org.apache.catalina.core.StandardEngine - Starting Servlet engine: [Apache Tomcat/9.0.45] 
2021-06-02 21:31:45.332 [restartedMain] INFO  o.a.c.core.ContainerBase.[Tomcat].[localhost].[/] - Initializing Spring embedded WebApplicationContext 
2021-06-02 21:31:45.333 [restartedMain] INFO  o.s.b.w.s.c.ServletWebServerApplicationContext - Root WebApplicationContext: initialization completed in 1866 ms 
2021-06-02 21:31:46.250 [restartedMain] INFO  o.s.b.d.autoconfigure.OptionalLiveReloadServer - LiveReload server is running on port 35729 
2021-06-02 21:31:46.270 [restartedMain] INFO  org.apache.coyote.http11.Http11NioProtocol - Starting ProtocolHandler ["http-nio-9999"] 
2021-06-02 21:31:46.295 [restartedMain] INFO  o.s.boot.web.embedded.tomcat.TomcatWebServer - Tomcat started on port(s): 9999 (http) with context path '' 
2021-06-02 21:31:46.311 [restartedMain] INFO  com.java.blog.BlogserverApplication - Started BlogserverApplication in 5.25 seconds (JVM running for 7.227) 
2021-06-02 21:32:07.504 [http-nio-9999-exec-2] INFO  o.a.c.core.ContainerBase.[Tomcat].[localhost].[/] - Initializing Spring DispatcherServlet 'dispatcherServlet' 
2021-06-02 21:32:07.504 [http-nio-9999-exec-2] INFO  org.springframework.web.servlet.DispatcherServlet - Initializing Servlet 'dispatcherServlet' 
2021-06-02 21:32:07.507 [http-nio-9999-exec-2] INFO  org.springframework.web.servlet.DispatcherServlet - Completed initialization in 2 ms 
2021-06-02 21:32:07.602 [http-nio-9999-exec-2] INFO  com.java.blog.service.DictionaryService - 新增字典0-1111-1212-null-null 
2021-06-02 21:32:07.693 [http-nio-9999-exec-2] INFO  com.alibaba.druid.pool.DruidDataSource - {dataSource-1} inited 
2021-06-02 21:33:38.820 [restartedMain] INFO  com.java.blog.BlogserverApplication - Starting BlogserverApplication using Java 1.8.0_152 on DESKTOP-DHVP8FV with PID 7832 (D:\WORKSPACE\code\vue.js\mulitpage-blog\blog-mulitpage-server\target\classes started by 万直鹏 in D:\WORKSPACE\code\vue.js\mulitpage-blog\blog-mulitpage-server) 
2021-06-02 21:33:38.824 [restartedMain] INFO  com.java.blog.BlogserverApplication - The following profiles are active: dev 
2021-06-02 21:33:39.048 [restartedMain] INFO  o.s.b.d.env.DevToolsPropertyDefaultsPostProcessor - Devtools property defaults active! Set 'spring.devtools.add-properties' to 'false' to disable 
2021-06-02 21:33:39.048 [restartedMain] INFO  o.s.b.d.env.DevToolsPropertyDefaultsPostProcessor - For additional web related logging consider setting the 'logging.level.web' property to 'DEBUG' 
2021-06-02 21:33:40.726 [restartedMain] INFO  o.s.boot.web.embedded.tomcat.TomcatWebServer - Tomcat initialized with port(s): 9999 (http) 
2021-06-02 21:33:40.738 [restartedMain] INFO  org.apache.coyote.http11.Http11NioProtocol - Initializing ProtocolHandler ["http-nio-9999"] 
2021-06-02 21:33:40.738 [restartedMain] INFO  org.apache.catalina.core.StandardService - Starting service [Tomcat] 
2021-06-02 21:33:40.739 [restartedMain] INFO  org.apache.catalina.core.StandardEngine - Starting Servlet engine: [Apache Tomcat/9.0.45] 
2021-06-02 21:33:40.864 [restartedMain] INFO  o.a.c.core.ContainerBase.[Tomcat].[localhost].[/] - Initializing Spring embedded WebApplicationContext 
2021-06-02 21:33:40.865 [restartedMain] INFO  o.s.b.w.s.c.ServletWebServerApplicationContext - Root WebApplicationContext: initialization completed in 1815 ms 
2021-06-02 21:33:41.817 [restartedMain] INFO  o.s.b.d.autoconfigure.OptionalLiveReloadServer - LiveReload server is running on port 35729 
2021-06-02 21:33:41.838 [restartedMain] INFO  org.apache.coyote.http11.Http11NioProtocol - Starting ProtocolHandler ["http-nio-9999"] 
2021-06-02 21:33:41.869 [restartedMain] INFO  o.s.boot.web.embedded.tomcat.TomcatWebServer - Tomcat started on port(s): 9999 (http) with context path '' 
2021-06-02 21:33:41.885 [restartedMain] INFO  com.java.blog.BlogserverApplication - Started BlogserverApplication in 4.578 seconds (JVM running for 6.595) 
2021-06-02 21:34:40.006 [http-nio-9999-exec-1] INFO  o.a.c.core.ContainerBase.[Tomcat].[localhost].[/] - Initializing Spring DispatcherServlet 'dispatcherServlet' 
2021-06-02 21:34:40.006 [http-nio-9999-exec-1] INFO  org.springframework.web.servlet.DispatcherServlet - Initializing Servlet 'dispatcherServlet' 
2021-06-02 21:34:40.009 [http-nio-9999-exec-1] INFO  org.springframework.web.servlet.DispatcherServlet - Completed initialization in 3 ms 
2021-06-02 21:34:40.118 [http-nio-9999-exec-1] INFO  com.java.blog.service.DictionaryService - 新增字典0-1111-1212-null-null 
2021-06-02 21:34:40.299 [http-nio-9999-exec-1] INFO  com.alibaba.druid.pool.DruidDataSource - {dataSource-1} inited 
2021-06-02 21:35:10.180 [http-nio-9999-exec-3] INFO  com.java.blog.service.DictionaryService - 新增字典0-1111-1212-null-null 
2021-06-02 21:42:02.486 [restartedMain] INFO  com.java.blog.BlogserverApplication - Starting BlogserverApplication using Java 1.8.0_152 on DESKTOP-DHVP8FV with PID 5692 (D:\WORKSPACE\code\vue.js\mulitpage-blog\blog-mulitpage-server\target\classes started by 万直鹏 in D:\WORKSPACE\code\vue.js\mulitpage-blog\blog-mulitpage-server) 
2021-06-02 21:42:02.491 [restartedMain] INFO  com.java.blog.BlogserverApplication - The following profiles are active: dev 
2021-06-02 21:42:02.687 [restartedMain] INFO  o.s.b.d.env.DevToolsPropertyDefaultsPostProcessor - Devtools property defaults active! Set 'spring.devtools.add-properties' to 'false' to disable 
2021-06-02 21:42:02.687 [restartedMain] INFO  o.s.b.d.env.DevToolsPropertyDefaultsPostProcessor - For additional web related logging consider setting the 'logging.level.web' property to 'DEBUG' 
2021-06-02 21:42:04.701 [restartedMain] INFO  o.s.boot.web.embedded.tomcat.TomcatWebServer - Tomcat initialized with port(s): 9999 (http) 
2021-06-02 21:42:04.717 [restartedMain] INFO  org.apache.coyote.http11.Http11NioProtocol - Initializing ProtocolHandler ["http-nio-9999"] 
2021-06-02 21:42:04.718 [restartedMain] INFO  org.apache.catalina.core.StandardService - Starting service [Tomcat] 
2021-06-02 21:42:04.719 [restartedMain] INFO  org.apache.catalina.core.StandardEngine - Starting Servlet engine: [Apache Tomcat/9.0.45] 
2021-06-02 21:42:04.857 [restartedMain] INFO  o.a.c.core.ContainerBase.[Tomcat].[localhost].[/] - Initializing Spring embedded WebApplicationContext 
2021-06-02 21:42:04.857 [restartedMain] INFO  o.s.b.w.s.c.ServletWebServerApplicationContext - Root WebApplicationContext: initialization completed in 2168 ms 
2021-06-02 21:42:05.794 [restartedMain] INFO  o.s.b.d.autoconfigure.OptionalLiveReloadServer - LiveReload server is running on port 35729 
2021-06-02 21:42:05.815 [restartedMain] INFO  org.apache.coyote.http11.Http11NioProtocol - Starting ProtocolHandler ["http-nio-9999"] 
2021-06-02 21:42:05.841 [restartedMain] INFO  o.s.boot.web.embedded.tomcat.TomcatWebServer - Tomcat started on port(s): 9999 (http) with context path '' 
2021-06-02 21:42:05.858 [restartedMain] INFO  com.java.blog.BlogserverApplication - Started BlogserverApplication in 4.905 seconds (JVM running for 7.035) 
2021-06-02 21:43:26.719 [http-nio-9999-exec-2] INFO  o.a.c.core.ContainerBase.[Tomcat].[localhost].[/] - Initializing Spring DispatcherServlet 'dispatcherServlet' 
2021-06-02 21:43:26.720 [http-nio-9999-exec-2] INFO  org.springframework.web.servlet.DispatcherServlet - Initializing Servlet 'dispatcherServlet' 
2021-06-02 21:43:26.724 [http-nio-9999-exec-2] INFO  org.springframework.web.servlet.DispatcherServlet - Completed initialization in 3 ms 
2021-06-02 21:43:26.906 [http-nio-9999-exec-2] INFO  com.alibaba.druid.pool.DruidDataSource - {dataSource-1} inited 
2021-06-02 21:44:10.244 [restartedMain] INFO  com.java.blog.BlogserverApplication - Starting BlogserverApplication using Java 1.8.0_152 on DESKTOP-DHVP8FV with PID 4916 (D:\WORKSPACE\code\vue.js\mulitpage-blog\blog-mulitpage-server\target\classes started by 万直鹏 in D:\WORKSPACE\code\vue.js\mulitpage-blog\blog-mulitpage-server) 
2021-06-02 21:44:10.249 [restartedMain] INFO  com.java.blog.BlogserverApplication - The following profiles are active: dev 
2021-06-02 21:44:10.373 [restartedMain] INFO  o.s.b.d.env.DevToolsPropertyDefaultsPostProcessor - Devtools property defaults active! Set 'spring.devtools.add-properties' to 'false' to disable 
2021-06-02 21:44:10.374 [restartedMain] INFO  o.s.b.d.env.DevToolsPropertyDefaultsPostProcessor - For additional web related logging consider setting the 'logging.level.web' property to 'DEBUG' 
2021-06-02 21:44:12.084 [restartedMain] INFO  o.s.boot.web.embedded.tomcat.TomcatWebServer - Tomcat initialized with port(s): 9999 (http) 
2021-06-02 21:44:12.096 [restartedMain] INFO  org.apache.coyote.http11.Http11NioProtocol - Initializing ProtocolHandler ["http-nio-9999"] 
2021-06-02 21:44:12.097 [restartedMain] INFO  org.apache.catalina.core.StandardService - Starting service [Tomcat] 
2021-06-02 21:44:12.097 [restartedMain] INFO  org.apache.catalina.core.StandardEngine - Starting Servlet engine: [Apache Tomcat/9.0.45] 
2021-06-02 21:44:12.217 [restartedMain] INFO  o.a.c.core.ContainerBase.[Tomcat].[localhost].[/] - Initializing Spring embedded WebApplicationContext 
2021-06-02 21:44:12.218 [restartedMain] INFO  o.s.b.w.s.c.ServletWebServerApplicationContext - Root WebApplicationContext: initialization completed in 1843 ms 
2021-06-02 21:44:13.222 [restartedMain] INFO  o.s.b.d.autoconfigure.OptionalLiveReloadServer - LiveReload server is running on port 35729 
2021-06-02 21:44:13.251 [restartedMain] INFO  org.apache.coyote.http11.Http11NioProtocol - Starting ProtocolHandler ["http-nio-9999"] 
2021-06-02 21:44:13.290 [restartedMain] INFO  o.s.boot.web.embedded.tomcat.TomcatWebServer - Tomcat started on port(s): 9999 (http) with context path '' 
2021-06-02 21:44:13.309 [restartedMain] INFO  com.java.blog.BlogserverApplication - Started BlogserverApplication in 4.517 seconds (JVM running for 6.571) 
2021-06-02 21:44:29.273 [http-nio-9999-exec-1] INFO  o.a.c.core.ContainerBase.[Tomcat].[localhost].[/] - Initializing Spring DispatcherServlet 'dispatcherServlet' 
2021-06-02 21:44:29.273 [http-nio-9999-exec-1] INFO  org.springframework.web.servlet.DispatcherServlet - Initializing Servlet 'dispatcherServlet' 
2021-06-02 21:44:29.275 [http-nio-9999-exec-1] INFO  org.springframework.web.servlet.DispatcherServlet - Completed initialization in 2 ms 
2021-06-02 21:44:29.494 [http-nio-9999-exec-1] INFO  com.alibaba.druid.pool.DruidDataSource - {dataSource-1} inited 
2021-06-02 21:46:32.137 [restartedMain] INFO  com.java.blog.BlogserverApplication - Starting BlogserverApplication using Java 1.8.0_152 on DESKTOP-DHVP8FV with PID 2476 (D:\WORKSPACE\code\vue.js\mulitpage-blog\blog-mulitpage-server\target\classes started by 万直鹏 in D:\WORKSPACE\code\vue.js\mulitpage-blog\blog-mulitpage-server) 
2021-06-02 21:46:32.142 [restartedMain] INFO  com.java.blog.BlogserverApplication - The following profiles are active: dev 
2021-06-02 21:46:32.278 [restartedMain] INFO  o.s.b.d.env.DevToolsPropertyDefaultsPostProcessor - Devtools property defaults active! Set 'spring.devtools.add-properties' to 'false' to disable 
2021-06-02 21:46:32.279 [restartedMain] INFO  o.s.b.d.env.DevToolsPropertyDefaultsPostProcessor - For additional web related logging consider setting the 'logging.level.web' property to 'DEBUG' 
2021-06-02 21:46:34.083 [restartedMain] INFO  o.s.boot.web.embedded.tomcat.TomcatWebServer - Tomcat initialized with port(s): 9999 (http) 
2021-06-02 21:46:34.096 [restartedMain] INFO  org.apache.coyote.http11.Http11NioProtocol - Initializing ProtocolHandler ["http-nio-9999"] 
2021-06-02 21:46:34.097 [restartedMain] INFO  org.apache.catalina.core.StandardService - Starting service [Tomcat] 
2021-06-02 21:46:34.098 [restartedMain] INFO  org.apache.catalina.core.StandardEngine - Starting Servlet engine: [Apache Tomcat/9.0.45] 
2021-06-02 21:46:34.230 [restartedMain] INFO  o.a.c.core.ContainerBase.[Tomcat].[localhost].[/] - Initializing Spring embedded WebApplicationContext 
2021-06-02 21:46:34.230 [restartedMain] INFO  o.s.b.w.s.c.ServletWebServerApplicationContext - Root WebApplicationContext: initialization completed in 1950 ms 
2021-06-02 21:46:35.079 [restartedMain] INFO  o.s.b.d.autoconfigure.OptionalLiveReloadServer - LiveReload server is running on port 35729 
2021-06-02 21:46:35.101 [restartedMain] INFO  org.apache.coyote.http11.Http11NioProtocol - Starting ProtocolHandler ["http-nio-9999"] 
2021-06-02 21:46:35.233 [restartedMain] INFO  o.s.boot.web.embedded.tomcat.TomcatWebServer - Tomcat started on port(s): 9999 (http) with context path '' 
2021-06-02 21:46:35.252 [restartedMain] INFO  com.java.blog.BlogserverApplication - Started BlogserverApplication in 5.048 seconds (JVM running for 7.05) 
2021-06-02 21:46:52.411 [http-nio-9999-exec-2] INFO  o.a.c.core.ContainerBase.[Tomcat].[localhost].[/] - Initializing Spring DispatcherServlet 'dispatcherServlet' 
2021-06-02 21:46:52.411 [http-nio-9999-exec-2] INFO  org.springframework.web.servlet.DispatcherServlet - Initializing Servlet 'dispatcherServlet' 
2021-06-02 21:46:52.413 [http-nio-9999-exec-2] INFO  org.springframework.web.servlet.DispatcherServlet - Completed initialization in 2 ms 
2021-06-02 21:46:52.626 [http-nio-9999-exec-2] INFO  com.alibaba.druid.pool.DruidDataSource - {dataSource-1} inited 
2021-06-02 21:47:29.419 [restartedMain] INFO  com.java.blog.BlogserverApplication - Starting BlogserverApplication using Java 1.8.0_152 on DESKTOP-DHVP8FV with PID 10052 (D:\WORKSPACE\code\vue.js\mulitpage-blog\blog-mulitpage-server\target\classes started by 万直鹏 in D:\WORKSPACE\code\vue.js\mulitpage-blog\blog-mulitpage-server) 
2021-06-02 21:47:29.425 [restartedMain] INFO  com.java.blog.BlogserverApplication - The following profiles are active: dev 
2021-06-02 21:47:29.607 [restartedMain] INFO  o.s.b.d.env.DevToolsPropertyDefaultsPostProcessor - Devtools property defaults active! Set 'spring.devtools.add-properties' to 'false' to disable 
2021-06-02 21:47:29.608 [restartedMain] INFO  o.s.b.d.env.DevToolsPropertyDefaultsPostProcessor - For additional web related logging consider setting the 'logging.level.web' property to 'DEBUG' 
2021-06-02 21:47:31.278 [restartedMain] INFO  o.s.boot.web.embedded.tomcat.TomcatWebServer - Tomcat initialized with port(s): 9999 (http) 
2021-06-02 21:47:31.293 [restartedMain] INFO  org.apache.coyote.http11.Http11NioProtocol - Initializing ProtocolHandler ["http-nio-9999"] 
2021-06-02 21:47:31.294 [restartedMain] INFO  org.apache.catalina.core.StandardService - Starting service [Tomcat] 
2021-06-02 21:47:31.294 [restartedMain] INFO  org.apache.catalina.core.StandardEngine - Starting Servlet engine: [Apache Tomcat/9.0.45] 
2021-06-02 21:47:31.432 [restartedMain] INFO  o.a.c.core.ContainerBase.[Tomcat].[localhost].[/] - Initializing Spring embedded WebApplicationContext 
2021-06-02 21:47:31.433 [restartedMain] INFO  o.s.b.w.s.c.ServletWebServerApplicationContext - Root WebApplicationContext: initialization completed in 1824 ms 
2021-06-02 21:47:32.324 [restartedMain] INFO  o.s.b.d.autoconfigure.OptionalLiveReloadServer - LiveReload server is running on port 35729 
2021-06-02 21:47:32.345 [restartedMain] INFO  org.apache.coyote.http11.Http11NioProtocol - Starting ProtocolHandler ["http-nio-9999"] 
2021-06-02 21:47:32.370 [restartedMain] INFO  o.s.boot.web.embedded.tomcat.TomcatWebServer - Tomcat started on port(s): 9999 (http) with context path '' 
2021-06-02 21:47:32.386 [restartedMain] INFO  com.java.blog.BlogserverApplication - Started BlogserverApplication in 5.016 seconds (JVM running for 7.154) 
2021-06-02 21:47:42.378 [http-nio-9999-exec-2] INFO  o.a.c.core.ContainerBase.[Tomcat].[localhost].[/] - Initializing Spring DispatcherServlet 'dispatcherServlet' 
2021-06-02 21:47:42.379 [http-nio-9999-exec-2] INFO  org.springframework.web.servlet.DispatcherServlet - Initializing Servlet 'dispatcherServlet' 
2021-06-02 21:47:42.381 [http-nio-9999-exec-2] INFO  org.springframework.web.servlet.DispatcherServlet - Completed initialization in 2 ms 
2021-06-02 21:47:42.564 [http-nio-9999-exec-2] INFO  com.alibaba.druid.pool.DruidDataSource - {dataSource-1} inited 
2021-06-02 21:47:42.831 [http-nio-9999-exec-2] INFO  com.java.blog.service.DictionaryService - 编辑字典1-1-1111-1212-null-null 
2021-06-02 21:48:20.048 [restartedMain] INFO  com.java.blog.BlogserverApplication - Starting BlogserverApplication using Java 1.8.0_152 on DESKTOP-DHVP8FV with PID 5552 (D:\WORKSPACE\code\vue.js\mulitpage-blog\blog-mulitpage-server\target\classes started by 万直鹏 in D:\WORKSPACE\code\vue.js\mulitpage-blog\blog-mulitpage-server) 
2021-06-02 21:48:20.054 [restartedMain] INFO  com.java.blog.BlogserverApplication - The following profiles are active: dev 
2021-06-02 21:48:20.263 [restartedMain] INFO  o.s.b.d.env.DevToolsPropertyDefaultsPostProcessor - Devtools property defaults active! Set 'spring.devtools.add-properties' to 'false' to disable 
2021-06-02 21:48:20.264 [restartedMain] INFO  o.s.b.d.env.DevToolsPropertyDefaultsPostProcessor - For additional web related logging consider setting the 'logging.level.web' property to 'DEBUG' 
2021-06-02 21:48:22.044 [restartedMain] INFO  o.s.boot.web.embedded.tomcat.TomcatWebServer - Tomcat initialized with port(s): 9999 (http) 
2021-06-02 21:48:22.055 [restartedMain] INFO  org.apache.coyote.http11.Http11NioProtocol - Initializing ProtocolHandler ["http-nio-9999"] 
2021-06-02 21:48:22.056 [restartedMain] INFO  org.apache.catalina.core.StandardService - Starting service [Tomcat] 
2021-06-02 21:48:22.056 [restartedMain] INFO  org.apache.catalina.core.StandardEngine - Starting Servlet engine: [Apache Tomcat/9.0.45] 
2021-06-02 21:48:22.185 [restartedMain] INFO  o.a.c.core.ContainerBase.[Tomcat].[localhost].[/] - Initializing Spring embedded WebApplicationContext 
2021-06-02 21:48:22.186 [restartedMain] INFO  o.s.b.w.s.c.ServletWebServerApplicationContext - Root WebApplicationContext: initialization completed in 1920 ms 
2021-06-02 21:48:23.350 [restartedMain] INFO  o.s.b.d.autoconfigure.OptionalLiveReloadServer - LiveReload server is running on port 35729 
2021-06-02 21:48:23.381 [restartedMain] INFO  org.apache.coyote.http11.Http11NioProtocol - Starting ProtocolHandler ["http-nio-9999"] 
2021-06-02 21:48:23.418 [restartedMain] INFO  o.s.boot.web.embedded.tomcat.TomcatWebServer - Tomcat started on port(s): 9999 (http) with context path '' 
2021-06-02 21:48:23.438 [restartedMain] INFO  com.java.blog.BlogserverApplication - Started BlogserverApplication in 5.174 seconds (JVM running for 7.261) 
2021-06-02 21:48:36.261 [http-nio-9999-exec-1] INFO  o.a.c.core.ContainerBase.[Tomcat].[localhost].[/] - Initializing Spring DispatcherServlet 'dispatcherServlet' 
2021-06-02 21:48:36.262 [http-nio-9999-exec-1] INFO  org.springframework.web.servlet.DispatcherServlet - Initializing Servlet 'dispatcherServlet' 
2021-06-02 21:48:36.266 [http-nio-9999-exec-1] INFO  org.springframework.web.servlet.DispatcherServlet - Completed initialization in 3 ms 
2021-06-02 21:48:36.470 [http-nio-9999-exec-1] INFO  com.alibaba.druid.pool.DruidDataSource - {dataSource-1} inited 
2021-06-02 21:48:36.721 [http-nio-9999-exec-1] INFO  com.java.blog.service.DictionaryService - 编辑字典1-1-1111-1212-null-null 
2021-06-02 21:49:44.831 [restartedMain] INFO  com.java.blog.BlogserverApplication - Starting BlogserverApplication using Java 1.8.0_152 on DESKTOP-DHVP8FV with PID 7920 (D:\WORKSPACE\code\vue.js\mulitpage-blog\blog-mulitpage-server\target\classes started by 万直鹏 in D:\WORKSPACE\code\vue.js\mulitpage-blog\blog-mulitpage-server) 
2021-06-02 21:49:44.836 [restartedMain] INFO  com.java.blog.BlogserverApplication - The following profiles are active: dev 
2021-06-02 21:49:44.948 [restartedMain] INFO  o.s.b.d.env.DevToolsPropertyDefaultsPostProcessor - Devtools property defaults active! Set 'spring.devtools.add-properties' to 'false' to disable 
2021-06-02 21:49:44.949 [restartedMain] INFO  o.s.b.d.env.DevToolsPropertyDefaultsPostProcessor - For additional web related logging consider setting the 'logging.level.web' property to 'DEBUG' 
2021-06-02 21:49:47.572 [restartedMain] INFO  o.s.boot.web.embedded.tomcat.TomcatWebServer - Tomcat initialized with port(s): 9999 (http) 
2021-06-02 21:49:47.584 [restartedMain] INFO  org.apache.coyote.http11.Http11NioProtocol - Initializing ProtocolHandler ["http-nio-9999"] 
2021-06-02 21:49:47.585 [restartedMain] INFO  org.apache.catalina.core.StandardService - Starting service [Tomcat] 
2021-06-02 21:49:47.586 [restartedMain] INFO  org.apache.catalina.core.StandardEngine - Starting Servlet engine: [Apache Tomcat/9.0.45] 
2021-06-02 21:49:47.763 [restartedMain] INFO  o.a.c.core.ContainerBase.[Tomcat].[localhost].[/] - Initializing Spring embedded WebApplicationContext 
2021-06-02 21:49:47.763 [restartedMain] INFO  o.s.b.w.s.c.ServletWebServerApplicationContext - Root WebApplicationContext: initialization completed in 2813 ms 
2021-06-02 21:49:49.922 [restartedMain] INFO  o.s.b.d.autoconfigure.OptionalLiveReloadServer - LiveReload server is running on port 35729 
2021-06-02 21:49:49.942 [restartedMain] INFO  org.apache.coyote.http11.Http11NioProtocol - Starting ProtocolHandler ["http-nio-9999"] 
2021-06-02 21:49:49.968 [restartedMain] INFO  o.s.boot.web.embedded.tomcat.TomcatWebServer - Tomcat started on port(s): 9999 (http) with context path '' 
2021-06-02 21:49:49.982 [restartedMain] INFO  com.java.blog.BlogserverApplication - Started BlogserverApplication in 7.63 seconds (JVM running for 11.696) 
2021-06-02 21:50:05.729 [restartedMain] INFO  com.java.blog.BlogserverApplication - Starting BlogserverApplication using Java 1.8.0_152 on DESKTOP-DHVP8FV with PID 5816 (D:\WORKSPACE\code\vue.js\mulitpage-blog\blog-mulitpage-server\target\classes started by 万直鹏 in D:\WORKSPACE\code\vue.js\mulitpage-blog\blog-mulitpage-server) 
2021-06-02 21:50:05.735 [restartedMain] INFO  com.java.blog.BlogserverApplication - The following profiles are active: dev 
2021-06-02 21:50:05.929 [restartedMain] INFO  o.s.b.d.env.DevToolsPropertyDefaultsPostProcessor - Devtools property defaults active! Set 'spring.devtools.add-properties' to 'false' to disable 
2021-06-02 21:50:05.929 [restartedMain] INFO  o.s.b.d.env.DevToolsPropertyDefaultsPostProcessor - For additional web related logging consider setting the 'logging.level.web' property to 'DEBUG' 
2021-06-02 21:50:07.820 [restartedMain] INFO  o.s.boot.web.embedded.tomcat.TomcatWebServer - Tomcat initialized with port(s): 9999 (http) 
2021-06-02 21:50:07.832 [restartedMain] INFO  org.apache.coyote.http11.Http11NioProtocol - Initializing ProtocolHandler ["http-nio-9999"] 
2021-06-02 21:50:07.833 [restartedMain] INFO  org.apache.catalina.core.StandardService - Starting service [Tomcat] 
2021-06-02 21:50:07.834 [restartedMain] INFO  org.apache.catalina.core.StandardEngine - Starting Servlet engine: [Apache Tomcat/9.0.45] 
2021-06-02 21:50:07.965 [restartedMain] INFO  o.a.c.core.ContainerBase.[Tomcat].[localhost].[/] - Initializing Spring embedded WebApplicationContext 
2021-06-02 21:50:07.965 [restartedMain] INFO  o.s.b.w.s.c.ServletWebServerApplicationContext - Root WebApplicationContext: initialization completed in 2034 ms 
2021-06-02 21:50:08.932 [restartedMain] INFO  o.s.b.d.autoconfigure.OptionalLiveReloadServer - LiveReload server is running on port 35729 
2021-06-02 21:50:08.953 [restartedMain] INFO  org.apache.coyote.http11.Http11NioProtocol - Starting ProtocolHandler ["http-nio-9999"] 
2021-06-02 21:50:08.980 [restartedMain] INFO  o.s.boot.web.embedded.tomcat.TomcatWebServer - Tomcat started on port(s): 9999 (http) with context path '' 
2021-06-02 21:50:08.997 [restartedMain] INFO  com.java.blog.BlogserverApplication - Started BlogserverApplication in 5.546 seconds (JVM running for 7.92) 
2021-06-02 21:50:11.502 [http-nio-9999-exec-1] INFO  o.a.c.core.ContainerBase.[Tomcat].[localhost].[/] - Initializing Spring DispatcherServlet 'dispatcherServlet' 
2021-06-02 21:50:11.503 [http-nio-9999-exec-1] INFO  org.springframework.web.servlet.DispatcherServlet - Initializing Servlet 'dispatcherServlet' 
2021-06-02 21:50:11.504 [http-nio-9999-exec-1] INFO  org.springframework.web.servlet.DispatcherServlet - Completed initialization in 1 ms 
2021-06-02 21:50:25.009 [http-nio-9999-exec-3] INFO  com.alibaba.druid.pool.DruidDataSource - {dataSource-1} inited 
2021-06-02 21:50:56.147 [http-nio-9999-exec-4] INFO  com.java.blog.service.DictionaryService - 新增字典0-1212-null-null-null 
2021-06-02 21:51:25.150 [restartedMain] INFO  com.java.blog.BlogserverApplication - Starting BlogserverApplication using Java 1.8.0_152 on DESKTOP-DHVP8FV with PID 8972 (D:\WORKSPACE\code\vue.js\mulitpage-blog\blog-mulitpage-server\target\classes started by 万直鹏 in D:\WORKSPACE\code\vue.js\mulitpage-blog\blog-mulitpage-server) 
2021-06-02 21:51:25.154 [restartedMain] INFO  com.java.blog.BlogserverApplication - The following profiles are active: dev 
2021-06-02 21:51:25.307 [restartedMain] INFO  o.s.b.d.env.DevToolsPropertyDefaultsPostProcessor - Devtools property defaults active! Set 'spring.devtools.add-properties' to 'false' to disable 
2021-06-02 21:51:25.310 [restartedMain] INFO  o.s.b.d.env.DevToolsPropertyDefaultsPostProcessor - For additional web related logging consider setting the 'logging.level.web' property to 'DEBUG' 
2021-06-02 21:51:26.864 [restartedMain] INFO  o.s.boot.web.embedded.tomcat.TomcatWebServer - Tomcat initialized with port(s): 9999 (http) 
2021-06-02 21:51:26.875 [restartedMain] INFO  org.apache.coyote.http11.Http11NioProtocol - Initializing ProtocolHandler ["http-nio-9999"] 
2021-06-02 21:51:26.876 [restartedMain] INFO  org.apache.catalina.core.StandardService - Starting service [Tomcat] 
2021-06-02 21:51:26.876 [restartedMain] INFO  org.apache.catalina.core.StandardEngine - Starting Servlet engine: [Apache Tomcat/9.0.45] 
2021-06-02 21:51:26.998 [restartedMain] INFO  o.a.c.core.ContainerBase.[Tomcat].[localhost].[/] - Initializing Spring embedded WebApplicationContext 
2021-06-02 21:51:26.999 [restartedMain] INFO  o.s.b.w.s.c.ServletWebServerApplicationContext - Root WebApplicationContext: initialization completed in 1687 ms 
2021-06-02 21:51:27.878 [restartedMain] INFO  o.s.b.d.autoconfigure.OptionalLiveReloadServer - LiveReload server is running on port 35729 
2021-06-02 21:51:27.899 [restartedMain] INFO  org.apache.coyote.http11.Http11NioProtocol - Starting ProtocolHandler ["http-nio-9999"] 
2021-06-02 21:51:27.925 [restartedMain] INFO  o.s.boot.web.embedded.tomcat.TomcatWebServer - Tomcat started on port(s): 9999 (http) with context path '' 
2021-06-02 21:51:27.941 [restartedMain] INFO  com.java.blog.BlogserverApplication - Started BlogserverApplication in 4.234 seconds (JVM running for 6.202) 
2021-06-02 21:51:51.734 [http-nio-9999-exec-2] INFO  o.a.c.core.ContainerBase.[Tomcat].[localhost].[/] - Initializing Spring DispatcherServlet 'dispatcherServlet' 
2021-06-02 21:51:51.734 [http-nio-9999-exec-2] INFO  org.springframework.web.servlet.DispatcherServlet - Initializing Servlet 'dispatcherServlet' 
2021-06-02 21:51:51.737 [http-nio-9999-exec-2] INFO  org.springframework.web.servlet.DispatcherServlet - Completed initialization in 2 ms 
2021-06-02 21:51:52.041 [http-nio-9999-exec-2] INFO  com.alibaba.druid.pool.DruidDataSource - {dataSource-1} inited 
2021-06-02 21:53:07.195 [restartedMain] INFO  com.java.blog.BlogserverApplication - Starting BlogserverApplication using Java 1.8.0_152 on DESKTOP-DHVP8FV with PID 2364 (D:\WORKSPACE\code\vue.js\mulitpage-blog\blog-mulitpage-server\target\classes started by 万直鹏 in D:\WORKSPACE\code\vue.js\mulitpage-blog\blog-mulitpage-server) 
2021-06-02 21:53:07.199 [restartedMain] INFO  com.java.blog.BlogserverApplication - The following profiles are active: dev 
2021-06-02 21:53:07.323 [restartedMain] INFO  o.s.b.d.env.DevToolsPropertyDefaultsPostProcessor - Devtools property defaults active! Set 'spring.devtools.add-properties' to 'false' to disable 
2021-06-02 21:53:07.323 [restartedMain] INFO  o.s.b.d.env.DevToolsPropertyDefaultsPostProcessor - For additional web related logging consider setting the 'logging.level.web' property to 'DEBUG' 
2021-06-02 21:53:08.553 [restartedMain] INFO  o.s.boot.web.embedded.tomcat.TomcatWebServer - Tomcat initialized with port(s): 9999 (http) 
2021-06-02 21:53:08.562 [restartedMain] INFO  org.apache.coyote.http11.Http11NioProtocol - Initializing ProtocolHandler ["http-nio-9999"] 
2021-06-02 21:53:08.562 [restartedMain] INFO  org.apache.catalina.core.StandardService - Starting service [Tomcat] 
2021-06-02 21:53:08.562 [restartedMain] INFO  org.apache.catalina.core.StandardEngine - Starting Servlet engine: [Apache Tomcat/9.0.45] 
2021-06-02 21:53:08.665 [restartedMain] INFO  o.a.c.core.ContainerBase.[Tomcat].[localhost].[/] - Initializing Spring embedded WebApplicationContext 
2021-06-02 21:53:08.665 [restartedMain] INFO  o.s.b.w.s.c.ServletWebServerApplicationContext - Root WebApplicationContext: initialization completed in 1341 ms 
2021-06-02 21:53:09.322 [restartedMain] INFO  o.s.b.d.autoconfigure.OptionalLiveReloadServer - LiveReload server is running on port 35729 
2021-06-02 21:53:09.338 [restartedMain] INFO  org.apache.coyote.http11.Http11NioProtocol - Starting ProtocolHandler ["http-nio-9999"] 
2021-06-02 21:53:09.358 [restartedMain] INFO  o.s.boot.web.embedded.tomcat.TomcatWebServer - Tomcat started on port(s): 9999 (http) with context path '' 
2021-06-02 21:53:09.371 [restartedMain] INFO  com.java.blog.BlogserverApplication - Started BlogserverApplication in 3.188 seconds (JVM running for 5.294) 
2021-06-02 21:55:21.170 [restartedMain] INFO  com.java.blog.BlogserverApplication - Starting BlogserverApplication using Java 1.8.0_152 on DESKTOP-DHVP8FV with PID 2364 (D:\WORKSPACE\code\vue.js\mulitpage-blog\blog-mulitpage-server\target\classes started by 万直鹏 in D:\WORKSPACE\code\vue.js\mulitpage-blog\blog-mulitpage-server) 
2021-06-02 21:55:21.171 [restartedMain] INFO  com.java.blog.BlogserverApplication - The following profiles are active: dev 
2021-06-02 21:55:21.509 [restartedMain] WARN  org.mybatis.spring.mapper.ClassPathMapperScanner - No MyBatis mapper was found in '[com.java.blog.dao]' package. Please check your configuration. 
2021-06-02 21:55:21.567 [restartedMain] WARN  org.mybatis.spring.mapper.ClassPathMapperScanner - No MyBatis mapper was found in '[com.java.blog]' package. Please check your configuration. 
2021-06-02 21:55:21.875 [restartedMain] INFO  o.s.boot.web.embedded.tomcat.TomcatWebServer - Tomcat initialized with port(s): 9999 (http) 
2021-06-02 21:55:21.881 [restartedMain] INFO  org.apache.coyote.http11.Http11NioProtocol - Initializing ProtocolHandler ["http-nio-9999"] 
2021-06-02 21:55:21.886 [restartedMain] INFO  org.apache.catalina.core.StandardService - Starting service [Tomcat] 
2021-06-02 21:55:21.887 [restartedMain] INFO  org.apache.catalina.core.StandardEngine - Starting Servlet engine: [Apache Tomcat/9.0.45] 
2021-06-02 21:55:21.920 [restartedMain] INFO  o.a.c.core.ContainerBase.[Tomcat].[localhost].[/] - Initializing Spring embedded WebApplicationContext 
2021-06-02 21:55:21.920 [restartedMain] INFO  o.s.b.w.s.c.ServletWebServerApplicationContext - Root WebApplicationContext: initialization completed in 746 ms 
2021-06-02 21:55:22.141 [restartedMain] INFO  o.s.scheduling.concurrent.ThreadPoolTaskExecutor - Initializing ExecutorService 'applicationTaskExecutor' 
2021-06-02 21:55:22.385 [restartedMain] INFO  o.s.b.d.autoconfigure.OptionalLiveReloadServer - LiveReload server is running on port 35729 
2021-06-02 21:55:22.401 [restartedMain] INFO  org.apache.coyote.http11.Http11NioProtocol - Starting ProtocolHandler ["http-nio-9999"] 
2021-06-02 21:55:22.406 [restartedMain] INFO  o.s.boot.web.embedded.tomcat.TomcatWebServer - Tomcat started on port(s): 9999 (http) with context path '' 
2021-06-02 21:55:22.421 [restartedMain] INFO  com.java.blog.BlogserverApplication - Started BlogserverApplication in 1.35 seconds (JVM running for 138.344) 
2021-06-02 21:55:22.431 [restartedMain] INFO  o.s.b.d.a.ConditionEvaluationDeltaLoggingListener - Condition evaluation delta:


==========================
CONDITION EVALUATION DELTA
==========================


Positive matches:
-----------------

   MybatisAutoConfiguration.MapperScannerRegistrarNotFoundConfiguration matched:
      - @ConditionalOnMissingBean (types: org.mybatis.spring.mapper.MapperFactoryBean; SearchStrategy: all) did not find any beans (OnBeanCondition)

   WebMvcAutoConfiguration matched:
      - @ConditionalOnClass found required classes 'javax.servlet.Servlet', 'org.springframework.web.servlet.DispatcherServlet', 'org.springframework.web.servlet.config.annotation.WebMvcConfigurer' (OnClassCondition)
      - found 'session' scope (OnWebApplicationCondition)
      - @ConditionalOnMissingBean (types: org.springframework.web.servlet.config.annotation.WebMvcConfigurationSupport; SearchStrategy: all) did not find any beans (OnBeanCondition)

   WebMvcAutoConfiguration#formContentFilter matched:
      - @ConditionalOnProperty (spring.mvc.formcontent.filter.enabled) matched (OnPropertyCondition)
      - @ConditionalOnMissingBean (types: org.springframework.web.filter.FormContentFilter; SearchStrategy: all) did not find any beans (OnBeanCondition)

   WebMvcAutoConfiguration.EnableWebMvcConfiguration#flashMapManager matched:
      - @ConditionalOnMissingBean (names: flashMapManager; SearchStrategy: all) did not find any beans (OnBeanCondition)

   WebMvcAutoConfiguration.EnableWebMvcConfiguration#localeResolver matched:
      - @ConditionalOnMissingBean (names: localeResolver; SearchStrategy: all) did not find any beans (OnBeanCondition)

   WebMvcAutoConfiguration.EnableWebMvcConfiguration#themeResolver matched:
      - @ConditionalOnMissingBean (names: themeResolver; SearchStrategy: all) did not find any beans (OnBeanCondition)

   WebMvcAutoConfiguration.WebMvcAutoConfigurationAdapter#defaultViewResolver matched:
      - @ConditionalOnMissingBean (types: org.springframework.web.servlet.view.InternalResourceViewResolver; SearchStrategy: all) did not find any beans (OnBeanCondition)

   WebMvcAutoConfiguration.WebMvcAutoConfigurationAdapter#requestContextFilter matched:
      - @ConditionalOnMissingBean (types: org.springframework.web.context.request.RequestContextListener,org.springframework.web.filter.RequestContextFilter; SearchStrategy: all) did not find any beans (OnBeanCondition)

   WebMvcAutoConfiguration.WebMvcAutoConfigurationAdapter#viewResolver matched:
      - @ConditionalOnBean (types: org.springframework.web.servlet.ViewResolver; SearchStrategy: all) found beans 'defaultViewResolver', 'beanNameViewResolver', 'mvcViewResolver'; @ConditionalOnMissingBean (names: viewResolver types: org.springframework.web.servlet.view.ContentNegotiatingViewResolver; SearchStrategy: all) did not find any beans (OnBeanCondition)


Negative matches:
-----------------

   WebMvcAutoConfiguration#hiddenHttpMethodFilter:
      Did not match:
         - @ConditionalOnProperty (spring.mvc.hiddenmethod.filter.enabled) did not find property 'enabled' (OnPropertyCondition)

   WebMvcAutoConfiguration.WebMvcAutoConfigurationAdapter#beanNameViewResolver:
      Did not match:
         - @ConditionalOnMissingBean (types: org.springframework.web.servlet.view.BeanNameViewResolver; SearchStrategy: all) found beans of type 'org.springframework.web.servlet.view.BeanNameViewResolver' beanNameViewResolver (OnBeanCondition)


Exclusions:
-----------

    None


Unconditional classes:
----------------------

    None


 
2021-06-02 21:55:25.519 [Thread-20] INFO  o.s.scheduling.concurrent.ThreadPoolTaskExecutor - Shutting down ExecutorService 'applicationTaskExecutor' 
2021-06-02 21:55:25.848 [restartedMain] INFO  com.java.blog.BlogserverApplication - Starting BlogserverApplication using Java 1.8.0_152 on DESKTOP-DHVP8FV with PID 2364 (D:\WORKSPACE\code\vue.js\mulitpage-blog\blog-mulitpage-server\target\classes started by 万直鹏 in D:\WORKSPACE\code\vue.js\mulitpage-blog\blog-mulitpage-server) 
2021-06-02 21:55:25.849 [restartedMain] INFO  com.java.blog.BlogserverApplication - The following profiles are active: dev 
2021-06-02 21:55:26.196 [restartedMain] INFO  o.s.boot.web.embedded.tomcat.TomcatWebServer - Tomcat initialized with port(s): 9999 (http) 
2021-06-02 21:55:26.196 [restartedMain] INFO  org.apache.coyote.http11.Http11NioProtocol - Initializing ProtocolHandler ["http-nio-9999"] 
2021-06-02 21:55:26.197 [restartedMain] INFO  org.apache.catalina.core.StandardService - Starting service [Tomcat] 
2021-06-02 21:55:26.197 [restartedMain] INFO  org.apache.catalina.core.StandardEngine - Starting Servlet engine: [Apache Tomcat/9.0.45] 
2021-06-02 21:55:26.256 [restartedMain] INFO  o.a.c.core.ContainerBase.[Tomcat].[localhost].[/] - Initializing Spring embedded WebApplicationContext 
2021-06-02 21:55:26.257 [restartedMain] INFO  o.s.b.w.s.c.ServletWebServerApplicationContext - Root WebApplicationContext: initialization completed in 403 ms 
2021-06-02 21:55:26.551 [restartedMain] INFO  o.s.b.d.autoconfigure.OptionalLiveReloadServer - LiveReload server is running on port 35729 
2021-06-02 21:55:26.560 [restartedMain] INFO  org.apache.coyote.http11.Http11NioProtocol - Starting ProtocolHandler ["http-nio-9999"] 
2021-06-02 21:55:26.564 [restartedMain] INFO  o.s.boot.web.embedded.tomcat.TomcatWebServer - Tomcat started on port(s): 9999 (http) with context path '' 
2021-06-02 21:55:26.569 [restartedMain] INFO  com.java.blog.BlogserverApplication - Started BlogserverApplication in 0.773 seconds (JVM running for 142.492) 
2021-06-02 21:55:26.571 [restartedMain] INFO  o.s.b.d.a.ConditionEvaluationDeltaLoggingListener - Condition evaluation delta:


==========================
CONDITION EVALUATION DELTA
==========================


Positive matches:
-----------------

    None


Negative matches:
-----------------

   MybatisAutoConfiguration.MapperScannerRegistrarNotFoundConfiguration:
      Did not match:
         - @ConditionalOnMissingBean (types: org.mybatis.spring.mapper.MapperFactoryBean; SearchStrategy: all) found beans of type 'org.mybatis.spring.mapper.MapperFactoryBean' &adminResMapper, &bannerResMapper, &dictionaryResMapper, &enumResMapper, &fileResMapper (OnBeanCondition)

   WebMvcAutoConfiguration:
      Did not match:
         - @ConditionalOnMissingBean (types: org.springframework.web.servlet.config.annotation.WebMvcConfigurationSupport; SearchStrategy: all) found beans of type 'org.springframework.web.servlet.config.annotation.WebMvcConfigurationSupport' webMvcConfig (OnBeanCondition)
      Matched:
         - @ConditionalOnClass found required classes 'javax.servlet.Servlet', 'org.springframework.web.servlet.DispatcherServlet', 'org.springframework.web.servlet.config.annotation.WebMvcConfigurer' (OnClassCondition)
         - found 'session' scope (OnWebApplicationCondition)


Exclusions:
-----------

    None


Unconditional classes:
----------------------

    None


 
